#
# A fatal error has been detected by the Java Runtime Environment:
#
#  EXCEPTION_ACCESS_VIOLATION (0xc0000005) at pc=0x000000006f716686, pid=4144, tid=0x0000000000002d1c
#
# JRE version: Java(TM) SE Runtime Environment (8.0_161-b12) (build 1.8.0_161-b12)
# Java VM: Java HotSpot(TM) 64-Bit Server VM (25.161-b12 mixed mode windows-amd64 compressed oops)
# Problematic frame:
# V  [jvm.dll+0xf6686]
#
# Failed to write core dump. Minidumps are not enabled by default on client versions of Windows
#
# If you would like to submit a bug report, please visit:
#   http://bugreport.java.com/bugreport/crash.jsp
#

---------------  T H R E A D  ---------------

Current thread (0x00000000194f8000):  JavaThread "restartedMain" [_thread_in_vm, id=11548, stack(0x0000000019c10000,0x0000000019d10000)]

siginfo: ExceptionCode=0xc0000005, reading address 0x000000013cbcda3e

Registers:
RAX=0x0000000000078020, RBX=0x000000001dd21840, RCX=0x000000013cb55a0e, RDX=0x0000000000003c01
RSP=0x0000000019d0d3e0, RBP=0x0000000000003c01, RSI=0x0000000000000000, RDI=0x0000000000003c01
R8 =0x0000000000000000, R9 =0x0000000000000000, R10=0x0000000019d0d5f0, R11=0x0000000019d0d550
R12=0x0000000000000003, R13=0x00000000194f8000, R14=0x0000016a7f936b00, R15=0x000000000000068a
RIP=0x000000006f716686, EFLAGS=0x0000000000010202

Top of Stack: (sp=0x0000000019d0d3e0)
0x0000000019d0d3e0:   00000000194f0001 00000000027125a1
0x0000000019d0d3f0:   0000000082b021d8 00007ff9b672440c
0x0000000019d0d400:   000000001dd21832 000000006f6e64c4
0x0000000019d0d410:   000000001969eb20 000000001dd21840
0x0000000019d0d420:   00000000026b7d40 000000006f6effb5
0x0000000019d0d430:   0000000019d0d550 0000000019d0d3e8
0x0000000019d0d440:   0000000019d0d500 0000000000000000
0x0000000019d0d450:   0000000000000001 000000000000013c
0x0000000019d0d460:   0000013d7d761dd2 0000000000004b60
0x0000000019d0d470:   000000001dd228d8 0000000019d0d5f0
0x0000000019d0d480:   0000000000000026 000000001dd211a8
0x0000000019d0d490:   0000000019d0d5f0 0000000017282400
0x0000000019d0d4a0:   0000000019d0d5f0 00000000194f8000
0x0000000019d0d4b0:   0000000000000002 0000000019d0d5e0
0x0000000019d0d4c0:   000000001dd228d8 0000000019d0d5f0
0x0000000019d0d4d0:   0000000019699720 000000006f6e6d49 

Instructions: (pc=0x000000006f716686)
0x000000006f716666:   00 e8 f4 f3 17 00 e8 5f 00 1a 00 40 84 f6 75 18
0x000000006f716676:   48 8b 4b 10 48 85 c9 74 0f 48 8b c7 48 c1 e0 05
0x000000006f716686:   48 8b 44 08 10 0f b7 f8 48 8b 74 24 38 48 63 c7
0x000000006f716696:   0f b7 44 c3 50 48 8b 5c 24 30 48 83 c4 20 5f c3 


Register to memory mapping:

RAX=0x0000000000078020 is an unknown value
RBX=0x000000001dd21840 is pointing into metadata
RCX=0x000000013cb55a0e is an unknown value
RDX=0x0000000000003c01 is an unknown value
RSP=0x0000000019d0d3e0 is pointing into the stack for thread: 0x00000000194f8000
RBP=0x0000000000003c01 is an unknown value
RSI=0x0000000000000000 is an unknown value
RDI=0x0000000000003c01 is an unknown value
R8 =0x0000000000000000 is an unknown value
R9 =0x0000000000000000 is an unknown value
R10=0x0000000019d0d5f0 is pointing into the stack for thread: 0x00000000194f8000
R11=0x0000000019d0d550 is pointing into the stack for thread: 0x00000000194f8000
R12=0x0000000000000003 is an unknown value
R13=0x00000000194f8000 is a thread
R14=0x0000016a7f936b00 is an unknown value
R15=0x000000000000068a is an unknown value


Stack: [0x0000000019c10000,0x0000000019d10000],  sp=0x0000000019d0d3e0,  free space=1012k
Native frames: (J=compiled Java code, j=interpreted, Vv=VM code, C=native code)
V  [jvm.dll+0xf6686]
V  [jvm.dll+0xc64c4]
V  [jvm.dll+0xc6d49]
V  [jvm.dll+0xc72ed]
V  [jvm.dll+0xc76ed]
V  [jvm.dll+0x11081c]
V  [jvm.dll+0x110652]
V  [jvm.dll+0x110652]
V  [jvm.dll+0x1105f9]
V  [jvm.dll+0x115167]
V  [jvm.dll+0x115635]
V  [jvm.dll+0xbbf5d]
C  0x00000000027e6735

Java frames: (J=compiled Java code, j=interpreted, Vv=VM code)
j  org.springframework.orm.jpa.persistenceunit.DefaultPersistenceUnitManager.buildDefaultPersistenceUnitInfo()Lorg/springframework/orm/jpa/persistenceunit/SpringPersistenceUnitInfo;+0
j  org.springframework.orm.jpa.persistenceunit.DefaultPersistenceUnitManager.readPersistenceUnitInfos()Ljava/util/List;+183
j  org.springframework.orm.jpa.persistenceunit.DefaultPersistenceUnitManager.preparePersistenceUnitInfos()V+19
j  org.springframework.orm.jpa.persistenceunit.DefaultPersistenceUnitManager.afterPropertiesSet()V+34
j  org.springframework.orm.jpa.LocalContainerEntityManagerFactoryBean.afterPropertiesSet()V+16
j  org.springframework.beans.factory.support.AbstractAutowireCapableBeanFactory.invokeInitMethods(Ljava/lang/String;Ljava/lang/Object;Lorg/springframework/beans/factory/support/RootBeanDefinition;)V+106
j  org.springframework.beans.factory.support.AbstractAutowireCapableBeanFactory.initializeBean(Ljava/lang/String;Ljava/lang/Object;Lorg/springframework/beans/factory/support/RootBeanDefinition;)Ljava/lang/Object;+59
j  org.springframework.beans.factory.support.AbstractAutowireCapableBeanFactory.doCreateBean(Ljava/lang/String;Lorg/springframework/beans/factory/support/RootBeanDefinition;[Ljava/lang/Object;)Ljava/lang/Object;+245
j  org.springframework.beans.factory.support.AbstractAutowireCapableBeanFactory.createBean(Ljava/lang/String;Lorg/springframework/beans/factory/support/RootBeanDefinition;[Ljava/lang/Object;)Ljava/lang/Object;+169
j  org.springframework.beans.factory.support.AbstractBeanFactory.lambda$doGetBean$0(Ljava/lang/String;Lorg/springframework/beans/factory/support/RootBeanDefinition;[Ljava/lang/Object;)Ljava/lang/Object;+4
j  org.springframework.beans.factory.support.AbstractBeanFactory$$Lambda$74.getObject()Ljava/lang/Object;+16
j  org.springframework.beans.factory.support.DefaultSingletonBeanRegistry.getSingleton(Ljava/lang/String;Lorg/springframework/beans/factory/ObjectFactory;)Ljava/lang/Object;+132
j  org.springframework.beans.factory.support.AbstractBeanFactory.doGetBean(Ljava/lang/String;Ljava/lang/Class;[Ljava/lang/Object;Z)Ljava/lang/Object;+467
j  org.springframework.beans.factory.support.AbstractBeanFactory.getBean(Ljava/lang/String;)Ljava/lang/Object;+5
j  org.springframework.context.support.AbstractApplicationContext.getBean(Ljava/lang/String;)Ljava/lang/Object;+9
j  org.springframework.context.support.AbstractApplicationContext.finishBeanFactoryInitialization(Lorg/springframework/beans/factory/config/ConfigurableListableBeanFactory;)V+100
j  org.springframework.context.support.AbstractApplicationContext.refresh()V+54
j  org.springframework.boot.SpringApplication.refresh(Lorg/springframework/context/ApplicationContext;)V+10
j  org.springframework.boot.SpringApplication.refreshContext(Lorg/springframework/context/ConfigurableApplicationContext;)V+2
j  org.springframework.boot.SpringApplication.run([Ljava/lang/String;)Lorg/springframework/context/ConfigurableApplicationContext;+118
j  org.springframework.boot.builder.SpringApplicationBuilder.run([Ljava/lang/String;)Lorg/springframework/context/ConfigurableApplicationContext;+45
j  com.stockmarket.StockMarketSimulator.StockMarketSimulatorApplication.main([Ljava/lang/String;)V+21
v  ~StubRoutines::call_stub
j  sun.reflect.NativeMethodAccessorImpl.invoke0(Ljava/lang/reflect/Method;Ljava/lang/Object;[Ljava/lang/Object;)Ljava/lang/Object;+0
j  sun.reflect.NativeMethodAccessorImpl.invoke(Ljava/lang/Object;[Ljava/lang/Object;)Ljava/lang/Object;+100
j  sun.reflect.DelegatingMethodAccessorImpl.invoke(Ljava/lang/Object;[Ljava/lang/Object;)Ljava/lang/Object;+6
j  java.lang.reflect.Method.invoke(Ljava/lang/Object;[Ljava/lang/Object;)Ljava/lang/Object;+56
j  org.springframework.boot.devtools.restart.RestartLauncher.run()V+41
v  ~StubRoutines::call_stub

---------------  P R O C E S S  ---------------

Java Threads: ( => current thread )
=>0x00000000194f8000 JavaThread "restartedMain" [_thread_in_vm, id=11548, stack(0x0000000019c10000,0x0000000019d10000)]
  0x000000001970d800 JavaThread "Thread-0" [_thread_blocked, id=15948, stack(0x0000000019b10000,0x0000000019c10000)]
  0x0000000018bfb000 JavaThread "Service Thread" daemon [_thread_blocked, id=4916, stack(0x0000000018fd0000,0x00000000190d0000)]
  0x000000001727e800 JavaThread "C1 CompilerThread2" daemon [_thread_blocked, id=2708, stack(0x0000000018ad0000,0x0000000018bd0000)]
  0x0000000017274000 JavaThread "C2 CompilerThread1" daemon [_thread_in_native, id=13752, stack(0x00000000189d0000,0x0000000018ad0000)]
  0x0000000017270000 JavaThread "C2 CompilerThread0" daemon [_thread_in_native, id=11972, stack(0x00000000188d0000,0x00000000189d0000)]
  0x000000001726e800 JavaThread "Attach Listener" daemon [_thread_blocked, id=10660, stack(0x00000000187d0000,0x00000000188d0000)]
  0x000000001726e000 JavaThread "Signal Dispatcher" daemon [_thread_blocked, id=4536, stack(0x00000000186d0000,0x00000000187d0000)]
  0x0000000017260000 JavaThread "Finalizer" daemon [_thread_blocked, id=8812, stack(0x00000000184e0000,0x00000000185e0000)]
  0x00000000027b5000 JavaThread "Reference Handler" daemon [_thread_blocked, id=13020, stack(0x00000000183e0000,0x00000000184e0000)]
  0x00000000026c5000 JavaThread "main" [_thread_blocked, id=9492, stack(0x0000000002520000,0x0000000002620000)]

Other Threads:
  0x0000000017238800 VMThread [stack: 0x00000000182e0000,0x00000000183e0000] [id=14280]
  0x0000000018c20800 WatcherThread [stack: 0x00000000190d0000,0x00000000191d0000] [id=11876]

VM state:not at safepoint (normal execution)

VM Mutex/Monitor currently owned by a thread: None

Heap:
 PSYoungGen      total 137728K, used 35621K [0x00000000d6200000, 0x00000000df500000, 0x0000000100000000)
  eden space 129536K, 27% used [0x00000000d6200000,0x00000000d84c9638,0x00000000de080000)
  from space 8192K, 0% used [0x00000000dea00000,0x00000000dea00000,0x00000000df200000)
  to   space 9728K, 0% used [0x00000000de080000,0x00000000de080000,0x00000000dea00000)
 ParOldGen       total 59904K, used 8490K [0x0000000082600000, 0x0000000086080000, 0x00000000d6200000)
  object space 59904K, 14% used [0x0000000082600000,0x0000000082e4a950,0x0000000086080000)
 Metaspace       used 25614K, capacity 26712K, committed 26880K, reserved 1073152K
  class space    used 3300K, capacity 3524K, committed 3584K, reserved 1048576K

Card table byte_map: [0x0000000011b80000,0x0000000011f70000] byte_map_base: 0x000000001176d000

Marking Bits: (ParMarkBitMap*) 0x000000006fe3f860
 Begin Bits: [0x0000000012610000, 0x0000000014578000)
 End Bits:   [0x0000000014578000, 0x00000000164e0000)

Polling page: 0x0000000000ce0000

CodeCache: size=245760Kb used=10891Kb max_used=10891Kb free=234868Kb
 bounds [0x00000000027c0000, 0x0000000003270000, 0x00000000117c0000]
 total_blobs=3536 nmethods=3104 adapters=344
 compilation: enabled

Compilation events (10 events):
Event: 5.923 Thread 0x000000001727e800 3105       3       java.lang.invoke.LambdaForm$MH/1455735936::linkToTargetMethod (11 bytes)
Event: 5.924 Thread 0x000000001727e800 nmethod 3105 0x0000000003223b90 code [0x0000000003223d00, 0x00000000032241f8]
Event: 5.924 Thread 0x000000001727e800 3106       3       java.lang.invoke.LambdaForm$DMH/859417998::invokeStatic_L3_L (18 bytes)
Event: 5.924 Thread 0x000000001727e800 nmethod 3106 0x0000000003223310 code [0x00000000032234a0, 0x0000000003223a58]
Event: 5.929 Thread 0x000000001727e800 3108       3       sun.net.util.URLUtil::urlNoFragString (114 bytes)
Event: 5.931 Thread 0x000000001727e800 nmethod 3108 0x00000000032214d0 code [0x0000000003221760, 0x0000000003222bf8]
Event: 5.931 Thread 0x000000001727e800 3109       3       java.net.URL::getDefaultPort (8 bytes)
Event: 5.931 Thread 0x000000001727e800 nmethod 3109 0x0000000003221090 code [0x0000000003221200, 0x0000000003221428]
Event: 5.932 Thread 0x000000001727e800 3110       3       org.springframework.boot.context.properties.ConfigurationBeanFactoryMetadata$$Lambda$212/2124254932::doWith (13 bytes)
Event: 5.932 Thread 0x000000001727e800 nmethod 3110 0x0000000003220890 code [0x0000000003220a20, 0x0000000003220ea8]

GC Heap History (10 events):
Event: 1.117 GC heap before
{Heap before GC invocations=3 (full 0):
 PSYoungGen      total 37888K, used 36183K [0x00000000d6200000, 0x00000000dac00000, 0x0000000100000000)
  eden space 32768K, 100% used [0x00000000d6200000,0x00000000d8200000,0x00000000d8200000)
  from space 5120K, 66% used [0x00000000d8700000,0x00000000d8a55f20,0x00000000d8c00000)
  to   space 5120K, 0% used [0x00000000d8200000,0x00000000d8200000,0x00000000d8700000)
 ParOldGen       total 86016K, used 16K [0x0000000082600000, 0x0000000087a00000, 0x00000000d6200000)
  object space 86016K, 0% used [0x0000000082600000,0x0000000082604000,0x0000000087a00000)
 Metaspace       used 12468K, capacity 12858K, committed 13056K, reserved 1060864K
  class space    used 1592K, capacity 1712K, committed 1792K, reserved 1048576K
Event: 1.124 GC heap after
Heap after GC invocations=3 (full 0):
 PSYoungGen      total 37888K, used 5098K [0x00000000d6200000, 0x00000000dac00000, 0x0000000100000000)
  eden space 32768K, 0% used [0x00000000d6200000,0x00000000d6200000,0x00000000d8200000)
  from space 5120K, 99% used [0x00000000d8200000,0x00000000d86fa950,0x00000000d8700000)
  to   space 5120K, 0% used [0x00000000da700000,0x00000000da700000,0x00000000dac00000)
 ParOldGen       total 86016K, used 556K [0x0000000082600000, 0x0000000087a00000, 0x00000000d6200000)
  object space 86016K, 0% used [0x0000000082600000,0x000000008268b098,0x0000000087a00000)
 Metaspace       used 12468K, capacity 12858K, committed 13056K, reserved 1060864K
  class space    used 1592K, capacity 1712K, committed 1792K, reserved 1048576K
}
Event: 1.529 GC heap before
{Heap before GC invocations=4 (full 0):
 PSYoungGen      total 37888K, used 37866K [0x00000000d6200000, 0x00000000dac00000, 0x0000000100000000)
  eden space 32768K, 100% used [0x00000000d6200000,0x00000000d8200000,0x00000000d8200000)
  from space 5120K, 99% used [0x00000000d8200000,0x00000000d86fa950,0x00000000d8700000)
  to   space 5120K, 0% used [0x00000000da700000,0x00000000da700000,0x00000000dac00000)
 ParOldGen       total 86016K, used 556K [0x0000000082600000, 0x0000000087a00000, 0x00000000d6200000)
  object space 86016K, 0% used [0x0000000082600000,0x000000008268b098,0x0000000087a00000)
 Metaspace       used 14761K, capacity 15344K, committed 15616K, reserved 1062912K
  class space    used 1851K, capacity 2012K, committed 2048K, reserved 1048576K
Event: 1.535 GC heap after
Heap after GC invocations=4 (full 0):
 PSYoungGen      total 70656K, used 5097K [0x00000000d6200000, 0x00000000dac00000, 0x0000000100000000)
  eden space 65536K, 0% used [0x00000000d6200000,0x00000000d6200000,0x00000000da200000)
  from space 5120K, 99% used [0x00000000da700000,0x00000000dabfa4e0,0x00000000dac00000)
  to   space 5120K, 0% used [0x00000000da200000,0x00000000da200000,0x00000000da700000)
 ParOldGen       total 86016K, used 1050K [0x0000000082600000, 0x0000000087a00000, 0x00000000d6200000)
  object space 86016K, 1% used [0x0000000082600000,0x0000000082706978,0x0000000087a00000)
 Metaspace       used 14761K, capacity 15344K, committed 15616K, reserved 1062912K
  class space    used 1851K, capacity 2012K, committed 2048K, reserved 1048576K
}
Event: 1.974 GC heap before
{Heap before GC invocations=5 (full 0):
 PSYoungGen      total 70656K, used 70633K [0x00000000d6200000, 0x00000000dac00000, 0x0000000100000000)
  eden space 65536K, 100% used [0x00000000d6200000,0x00000000da200000,0x00000000da200000)
  from space 5120K, 99% used [0x00000000da700000,0x00000000dabfa4e0,0x00000000dac00000)
  to   space 5120K, 0% used [0x00000000da200000,0x00000000da200000,0x00000000da700000)
 ParOldGen       total 86016K, used 1050K [0x0000000082600000, 0x0000000087a00000, 0x00000000d6200000)
  object space 86016K, 1% used [0x0000000082600000,0x0000000082706978,0x0000000087a00000)
 Metaspace       used 16747K, capacity 17566K, committed 17792K, reserved 1064960K
  class space    used 2149K, capacity 2333K, committed 2432K, reserved 1048576K
Event: 1.982 GC heap after
Heap after GC invocations=5 (full 0):
 PSYoungGen      total 70656K, used 5104K [0x00000000d6200000, 0x00000000df200000, 0x0000000100000000)
  eden space 65536K, 0% used [0x00000000d6200000,0x00000000d6200000,0x00000000da200000)
  from space 5120K, 99% used [0x00000000da200000,0x00000000da6fc358,0x00000000da700000)
  to   space 8192K, 0% used [0x00000000dea00000,0x00000000dea00000,0x00000000df200000)
 ParOldGen       total 86016K, used 3286K [0x0000000082600000, 0x0000000087a00000, 0x00000000d6200000)
  object space 86016K, 3% used [0x0000000082600000,0x0000000082935958,0x0000000087a00000)
 Metaspace       used 16747K, capacity 17566K, committed 17792K, reserved 1064960K
  class space    used 2149K, capacity 2333K, committed 2432K, reserved 1048576K
}
Event: 2.468 GC heap before
{Heap before GC invocations=6 (full 0):
 PSYoungGen      total 70656K, used 36642K [0x00000000d6200000, 0x00000000df200000, 0x0000000100000000)
  eden space 65536K, 48% used [0x00000000d6200000,0x00000000d80cc850,0x00000000da200000)
  from space 5120K, 99% used [0x00000000da200000,0x00000000da6fc358,0x00000000da700000)
  to   space 8192K, 0% used [0x00000000dea00000,0x00000000dea00000,0x00000000df200000)
 ParOldGen       total 86016K, used 3286K [0x0000000082600000, 0x0000000087a00000, 0x00000000d6200000)
  object space 86016K, 3% used [0x0000000082600000,0x0000000082935958,0x0000000087a00000)
 Metaspace       used 20280K, capacity 21224K, committed 21296K, reserved 1067008K
  class space    used 2655K, capacity 2874K, committed 2944K, reserved 1048576K
Event: 2.485 GC heap after
Heap after GC invocations=6 (full 0):
 PSYoungGen      total 137728K, used 8176K [0x00000000d6200000, 0x00000000df500000, 0x0000000100000000)
  eden space 129536K, 0% used [0x00000000d6200000,0x00000000d6200000,0x00000000de080000)
  from space 8192K, 99% used [0x00000000dea00000,0x00000000df1fc170,0x00000000df200000)
  to   space 9728K, 0% used [0x00000000de080000,0x00000000de080000,0x00000000dea00000)
 ParOldGen       total 86016K, used 3312K [0x0000000082600000, 0x0000000087a00000, 0x00000000d6200000)
  object space 86016K, 3% used [0x0000000082600000,0x000000008293c220,0x0000000087a00000)
 Metaspace       used 20280K, capacity 21224K, committed 21296K, reserved 1067008K
  class space    used 2655K, capacity 2874K, committed 2944K, reserved 1048576K
}
Event: 2.485 GC heap before
{Heap before GC invocations=7 (full 1):
 PSYoungGen      total 137728K, used 8176K [0x00000000d6200000, 0x00000000df500000, 0x0000000100000000)
  eden space 129536K, 0% used [0x00000000d6200000,0x00000000d6200000,0x00000000de080000)
  from space 8192K, 99% used [0x00000000dea00000,0x00000000df1fc170,0x00000000df200000)
  to   space 9728K, 0% used [0x00000000de080000,0x00000000de080000,0x00000000dea00000)
 ParOldGen       total 86016K, used 3312K [0x0000000082600000, 0x0000000087a00000, 0x00000000d6200000)
  object space 86016K, 3% used [0x0000000082600000,0x000000008293c220,0x0000000087a00000)
 Metaspace       used 20280K, capacity 21224K, committed 21296K, reserved 1067008K
  class space    used 2655K, capacity 2874K, committed 2944K, reserved 1048576K
Event: 2.536 GC heap after
Heap after GC invocations=7 (full 1):
 PSYoungGen      total 137728K, used 0K [0x00000000d6200000, 0x00000000df500000, 0x0000000100000000)
  eden space 129536K, 0% used [0x00000000d6200000,0x00000000d6200000,0x00000000de080000)
  from space 8192K, 0% used [0x00000000dea00000,0x00000000dea00000,0x00000000df200000)
  to   space 9728K, 0% used [0x00000000de080000,0x00000000de080000,0x00000000dea00000)
 ParOldGen       total 59904K, used 8490K [0x0000000082600000, 0x0000000086080000, 0x00000000d6200000)
  object space 59904K, 14% used [0x0000000082600000,0x0000000082e4a950,0x0000000086080000)
 Metaspace       used 20280K, capacity 21224K, committed 21296K, reserved 1067008K
  class space    used 2655K, capacity 2874K, committed 2944K, reserved 1048576K
}

Deoptimization events (10 events):
Event: 3.084 Thread 0x00000000194f8000 Uncommon trap: reason=class_check action=maybe_recompile pc=0x00000000030aeb94 method=java.util.AbstractList$Itr.hasNext()Z @ 8
Event: 3.087 Thread 0x00000000194f8000 Uncommon trap: reason=class_check action=maybe_recompile pc=0x00000000030aeb94 method=java.util.AbstractList$Itr.hasNext()Z @ 8
Event: 3.089 Thread 0x00000000194f8000 Uncommon trap: reason=unstable_if action=reinterpret pc=0x0000000002dd3c40 method=java.util.LinkedHashMap.get(Ljava/lang/Object;)Ljava/lang/Object; @ 20
Event: 3.406 Thread 0x00000000194f8000 Uncommon trap: reason=bimorphic action=maybe_recompile pc=0x0000000002c835a4 method=java.net.URL.<init>(Ljava/net/URL;Ljava/lang/String;Ljava/net/URLStreamHandler;)V @ 504
Event: 3.406 Thread 0x00000000194f8000 Uncommon trap: reason=unstable_if action=reinterpret pc=0x0000000002d98cf0 method=java.net.URLStreamHandler.parseURL(Ljava/net/URL;Ljava/lang/String;II)V @ 155
Event: 3.420 Thread 0x00000000194f8000 Uncommon trap: reason=bimorphic action=maybe_recompile pc=0x00000000030c9f7c method=java.util.Properties$LineReader.readLine()I @ 410
Event: 3.489 Thread 0x00000000194f8000 Uncommon trap: reason=class_check action=maybe_recompile pc=0x00000000030aeb94 method=java.util.AbstractList$Itr.hasNext()Z @ 8
Event: 3.775 Thread 0x00000000194f8000 Uncommon trap: reason=unstable_if action=reinterpret pc=0x00000000030f8fb4 method=java.lang.CharacterDataLatin1.digit(II)I @ 60
Event: 4.453 Thread 0x00000000194f8000 Uncommon trap: reason=unstable_if action=reinterpret pc=0x0000000003173ba4 method=java.io.ByteArrayInputStream.read([BII)I @ 70
Event: 4.610 Thread 0x00000000194f8000 Uncommon trap: reason=unstable_if action=reinterpret pc=0x00000000030f4f70 method=java.lang.CharacterDataLatin1.digit(II)I @ 60

Classes redefined (0 events):
No events

Internal exceptions (10 events):
Event: 2.543 Thread 0x00000000194f8000 Implicit null exception at 0x000000000300f40d to 0x000000000300f97c
Event: 2.543 Thread 0x00000000194f8000 Exception <a 'java/lang/NullPointerException'> (0x00000000d62375a8) thrown at [C:\re\workspace\8-2-build-windows-amd64-cygwin\jdk8u161\10277\hotspot\src\share\vm\runtime\sharedRuntime.cpp, line 605]
Event: 2.543 Thread 0x00000000194f8000 Implicit null exception at 0x000000000300f40d to 0x000000000300f97c
Event: 2.543 Thread 0x00000000194f8000 Exception <a 'java/lang/NullPointerException'> (0x00000000d62389a0) thrown at [C:\re\workspace\8-2-build-windows-amd64-cygwin\jdk8u161\10277\hotspot\src\share\vm\runtime\sharedRuntime.cpp, line 605]
Event: 2.543 Thread 0x00000000194f8000 Implicit null exception at 0x000000000300f40d to 0x000000000300f97c
Event: 2.543 Thread 0x00000000194f8000 Exception <a 'java/lang/NullPointerException'> (0x00000000d6239750) thrown at [C:\re\workspace\8-2-build-windows-amd64-cygwin\jdk8u161\10277\hotspot\src\share\vm\runtime\sharedRuntime.cpp, line 605]
Event: 2.544 Thread 0x00000000194f8000 Implicit null exception at 0x000000000300f40d to 0x000000000300f97c
Event: 2.544 Thread 0x00000000194f8000 Exception <a 'java/lang/NullPointerException'> (0x00000000d623a518) thrown at [C:\re\workspace\8-2-build-windows-amd64-cygwin\jdk8u161\10277\hotspot\src\share\vm\runtime\sharedRuntime.cpp, line 605]
Event: 2.544 Thread 0x00000000194f8000 Implicit null exception at 0x000000000300f40d to 0x000000000300f97c
Event: 2.544 Thread 0x00000000194f8000 Exception <a 'java/lang/NullPointerException'> (0x00000000d623b8a8) thrown at [C:\re\workspace\8-2-build-windows-amd64-cygwin\jdk8u161\10277\hotspot\src\share\vm\runtime\sharedRuntime.cpp, line 605]

Events (10 events):
Event: 5.943 loading class org/springframework/instrument/classloading/SimpleThrowawayClassLoader
Event: 5.943 loading class org/springframework/instrument/classloading/SimpleThrowawayClassLoader done
Event: 5.943 loading class org/springframework/core/OverridingClassLoader
Event: 5.943 loading class org/springframework/core/OverridingClassLoader done
Event: 5.944 loading class org/springframework/instrument/InstrumentationSavingAgent
Event: 5.944 loading class org/springframework/instrument/InstrumentationSavingAgent done
Event: 5.944 loading class org/springframework/instrument$InstrumentationSavingAgent
Event: 5.944 loading class org/springframework/instrument$InstrumentationSavingAgent done
Event: 5.944 loading class org/springframework/orm/jpa/persistenceunit/PersistenceUnitReader
Event: 5.944 loading class org/springframework/orm/jpa/persistenceunit/PersistenceUnitReader done


Dynamic libraries:
0x00007ff7f34d0000 - 0x00007ff7f3507000 	C:\Program Files\Java\jre1.8.0_161\bin\javaw.exe
0x00007ff9ba300000 - 0x00007ff9ba4e1000 	C:\WINDOWS\SYSTEM32\ntdll.dll
0x00007ff9b9f70000 - 0x00007ff9ba021000 	C:\WINDOWS\System32\KERNEL32.DLL
0x00007ff9b66d0000 - 0x00007ff9b6943000 	C:\WINDOWS\System32\KERNELBASE.dll
0x00007ff9b7920000 - 0x00007ff9b79c1000 	C:\WINDOWS\System32\ADVAPI32.dll
0x00007ff9b9380000 - 0x00007ff9b941e000 	C:\WINDOWS\System32\msvcrt.dll
0x00007ff9ba030000 - 0x00007ff9ba08b000 	C:\WINDOWS\System32\sechost.dll
0x00007ff9b9e40000 - 0x00007ff9b9f64000 	C:\WINDOWS\System32\RPCRT4.dll
0x00007ff9ba090000 - 0x00007ff9ba220000 	C:\WINDOWS\System32\USER32.dll
0x00007ff9b75d0000 - 0x00007ff9b75f0000 	C:\WINDOWS\System32\win32u.dll
0x00007ff9b78f0000 - 0x00007ff9b7918000 	C:\WINDOWS\System32\GDI32.dll
0x00007ff9b75f0000 - 0x00007ff9b7782000 	C:\WINDOWS\System32\gdi32full.dll
0x00007ff9b69d0000 - 0x00007ff9b6a6f000 	C:\WINDOWS\System32\msvcp_win.dll
0x00007ff9b6d10000 - 0x00007ff9b6e08000 	C:\WINDOWS\System32\ucrtbase.dll
0x00007ff9a58f0000 - 0x00007ff9a5b59000 	C:\WINDOWS\WinSxS\amd64_microsoft.windows.common-controls_6595b64144ccf1df_6.0.17134.706_none_fb43a2cb30647007\COMCTL32.dll
0x00007ff9b8e80000 - 0x00007ff9b91a2000 	C:\WINDOWS\System32\combase.dll
0x00007ff9b6950000 - 0x00007ff9b69ca000 	C:\WINDOWS\System32\bcryptPrimitives.dll
0x00007ff9b9b20000 - 0x00007ff9b9b4d000 	C:\WINDOWS\System32\IMM32.DLL
0x0000000070330000 - 0x0000000070402000 	C:\Program Files\Java\jre1.8.0_161\bin\msvcr100.dll
0x000000006f620000 - 0x000000006febf000 	C:\Program Files\Java\jre1.8.0_161\bin\server\jvm.dll
0x00007ff9b7a30000 - 0x00007ff9b7a38000 	C:\WINDOWS\System32\PSAPI.DLL
0x00007ff9b4360000 - 0x00007ff9b4383000 	C:\WINDOWS\SYSTEM32\WINMM.dll
0x00007ff9a0570000 - 0x00007ff9a0579000 	C:\WINDOWS\SYSTEM32\WSOCK32.dll
0x00007ff9b91c0000 - 0x00007ff9b922c000 	C:\WINDOWS\System32\WS2_32.dll
0x00007ff9a9d60000 - 0x00007ff9a9d6a000 	C:\WINDOWS\SYSTEM32\VERSION.dll
0x00007ff9b3480000 - 0x00007ff9b34aa000 	C:\WINDOWS\SYSTEM32\winmmbase.dll
0x00007ff9b6cc0000 - 0x00007ff9b6d09000 	C:\WINDOWS\System32\cfgmgr32.dll
0x0000000070520000 - 0x000000007052f000 	C:\Program Files\Java\jre1.8.0_161\bin\verify.dll
0x00000000704f0000 - 0x0000000070519000 	C:\Program Files\Java\jre1.8.0_161\bin\java.dll
0x00000000704a0000 - 0x00000000704b6000 	C:\Program Files\Java\jre1.8.0_161\bin\zip.dll
0x00007ff9b7a40000 - 0x00007ff9b8e80000 	C:\WINDOWS\System32\SHELL32.dll
0x00007ff9ba220000 - 0x00007ff9ba2c9000 	C:\WINDOWS\System32\shcore.dll
0x00007ff9b6e10000 - 0x00007ff9b751d000 	C:\WINDOWS\System32\windows.storage.dll
0x00007ff9b79d0000 - 0x00007ff9b7a21000 	C:\WINDOWS\System32\shlwapi.dll
0x00007ff9b6690000 - 0x00007ff9b66a1000 	C:\WINDOWS\System32\kernel.appcore.dll
0x00007ff9b66b0000 - 0x00007ff9b66cf000 	C:\WINDOWS\System32\profapi.dll
0x00007ff9b6640000 - 0x00007ff9b668c000 	C:\WINDOWS\System32\powrprof.dll
0x00007ff9b6630000 - 0x00007ff9b663a000 	C:\WINDOWS\System32\FLTLIB.DLL
0x0000000070420000 - 0x000000007042d000 	C:\Program Files\Java\jre1.8.0_161\bin\management.dll
0x0000000070480000 - 0x000000007049a000 	C:\Program Files\Java\jre1.8.0_161\bin\net.dll
0x00007ff9b5e30000 - 0x00007ff9b5e96000 	C:\WINDOWS\system32\mswsock.dll
0x00007ff9a9210000 - 0x00007ff9a9226000 	C:\WINDOWS\system32\napinsp.dll
0x00007ff9a7510000 - 0x00007ff9a752a000 	C:\WINDOWS\system32\pnrpnsp.dll
0x00007ff9b2ea0000 - 0x00007ff9b2eb9000 	C:\WINDOWS\system32\NLAapi.dll
0x00007ff9b5bf0000 - 0x00007ff9b5cae000 	C:\WINDOWS\SYSTEM32\DNSAPI.dll
0x00007ff9b91b0000 - 0x00007ff9b91b8000 	C:\WINDOWS\System32\NSI.dll
0x00007ff9b5bb0000 - 0x00007ff9b5be8000 	C:\WINDOWS\SYSTEM32\IPHLPAPI.DLL
0x00007ff9b4940000 - 0x00007ff9b494e000 	C:\WINDOWS\System32\winrnr.dll
0x00007ff998120000 - 0x00007ff998135000 	C:\WINDOWS\System32\wshbth.dll
0x00007ff9ad0d0000 - 0x00007ff9ad0da000 	C:\Windows\System32\rasadhlp.dll
0x00007ff9acb50000 - 0x00007ff9acbc2000 	C:\WINDOWS\System32\fwpuclnt.dll
0x00007ff9b6110000 - 0x00007ff9b6135000 	C:\WINDOWS\SYSTEM32\bcrypt.dll
0x0000000070460000 - 0x0000000070471000 	C:\Program Files\Java\jre1.8.0_161\bin\nio.dll
0x000000006f480000 - 0x000000006f618000 	C:\Program Files\Java\jre1.8.0_161\bin\awt.dll
0x00007ff9b9cf0000 - 0x00007ff9b9db2000 	C:\WINDOWS\System32\OLEAUT32.dll
0x00007ff9b49e0000 - 0x00007ff9b4a6b000 	C:\WINDOWS\SYSTEM32\apphelp.dll
0x0000000070430000 - 0x0000000070454000 	C:\Program Files\Java\jre1.8.0_161\bin\sunec.dll
0x00007ff9ad420000 - 0x00007ff9ad436000 	C:\WINDOWS\SYSTEM32\dhcpcsvc6.DLL
0x00007ff9ad400000 - 0x00007ff9ad41a000 	C:\WINDOWS\SYSTEM32\dhcpcsvc.DLL
0x00007ff9b5fe0000 - 0x00007ff9b5ff7000 	C:\WINDOWS\SYSTEM32\CRYPTSP.dll
0x00007ff9b5a10000 - 0x00007ff9b5a43000 	C:\WINDOWS\system32\rsaenh.dll
0x00007ff9b6510000 - 0x00007ff9b6538000 	C:\WINDOWS\SYSTEM32\USERENV.dll
0x00007ff9b6000000 - 0x00007ff9b600b000 	C:\WINDOWS\SYSTEM32\CRYPTBASE.dll
0x0000000070410000 - 0x000000007041b000 	C:\Program Files\Java\jre1.8.0_161\bin\sunmscapi.dll
0x00007ff9b6a70000 - 0x00007ff9b6c52000 	C:\WINDOWS\System32\CRYPT32.dll
0x00007ff9b6610000 - 0x00007ff9b6622000 	C:\WINDOWS\System32\MSASN1.dll
0x00007ff9a08b0000 - 0x00007ff9a0a79000 	C:\WINDOWS\SYSTEM32\dbghelp.dll

VM Arguments:
jvm_args: -Dfile.encoding=UTF-8 
java_command: com.stockmarket.StockMarketSimulator.StockMarketSimulatorApplication
java_class_path (initial): C:\Program Files\Java\jre1.8.0_161\lib\resources.jar;C:\Program Files\Java\jre1.8.0_161\lib\rt.jar;C:\Program Files\Java\jre1.8.0_161\lib\jsse.jar;C:\Program Files\Java\jre1.8.0_161\lib\jce.jar;C:\Program Files\Java\jre1.8.0_161\lib\charsets.jar;C:\Program Files\Java\jre1.8.0_161\lib\jfr.jar;C:\Program Files\Java\jre1.8.0_161\lib\ext\access-bridge-64.jar;C:\Program Files\Java\jre1.8.0_161\lib\ext\cldrdata.jar;C:\Program Files\Java\jre1.8.0_161\lib\ext\dnsns.jar;C:\Program Files\Java\jre1.8.0_161\lib\ext\jaccess.jar;C:\Program Files\Java\jre1.8.0_161\lib\ext\jfxrt.jar;C:\Program Files\Java\jre1.8.0_161\lib\ext\localedata.jar;C:\Program Files\Java\jre1.8.0_161\lib\ext\nashorn.jar;C:\Program Files\Java\jre1.8.0_161\lib\ext\sunec.jar;C:\Program Files\Java\jre1.8.0_161\lib\ext\sunjce_provider.jar;C:\Program Files\Java\jre1.8.0_161\lib\ext\sunmscapi.jar;C:\Program Files\Java\jre1.8.0_161\lib\ext\sunpkcs11.jar;C:\Program Files\Java\jre1.8.0_161\lib\ext\zipfs.jar;C:\Users\ERiC\git\StockMarketSimulator\target\classes;C:\Users\ERiC\eclipse\java-oxygen\eclipse\lombok.jar;C:\Users\ERiC\.m2\repository\org\springframework\boot\spring-boot-starter-data-jpa\2.1.4.RELEASE\spring-boot-starter-data-jpa-2.1.4.RELEASE.jar;C:\Users\ERiC\.m2\repository\org\springframework\boot\spring-boot-starter-aop\2.1.4.RELEASE\spring-boot-starter-aop-2.1.4.RELEASE.jar;C:\Users\ERiC\.m2\repository\org\springframework\spring-aop\5.1.6.RELEASE\spring-aop-5.1.6.RELEASE.jar;C:\Users\ERiC\.m2\repository\org\aspectj\aspectjweaver\1.9.2\aspectjweaver-1.9.2.jar;C:\Users\ERiC\.m2\repository\org\springframework\boot\spring-boot-starter-jdbc\2.1.4.RELEASE\spring-boot-starter-jdbc-2.1.4.RELEASE.jar;C:\Users\ERiC\.m2\repository\com\zaxxer\HikariCP\3.2.0\HikariCP-3.2.0.jar;C:\Users\ERiC\.m2\repository\org\springframework\spring-jdbc\5.1.6.RELEASE\spring-jdbc-5.1.6.RELEASE.jar;C:\Users\ERiC\.m2\repository\javax\transaction\javax.transaction-api\1.3\javax.transaction-api-1.3.jar;C:\Users\E
Launcher Type: SUN_STANDARD

Environment Variables:
JAVA_HOME=C:\Program Files\Java\jdk1.8.0_144
PATH=C:/Program Files/Java/jre1.8.0_161/bin/server;C:/Program Files/Java/jre1.8.0_161/bin;C:/Program Files/Java/jre1.8.0_161/lib/amd64;C:\ProgramData\Oracle\Java\javapath;C:\WINDOWS\system32;C:\WINDOWS;C:\WINDOWS\System32\Wbem;C:\WINDOWS\System32\WindowsPowerShell\v1.0\;C:\Program Files\Intel\WiFi\bin\;C:\Program Files\Common Files\Intel\WirelessCommon\;C:\WINDOWS\System32\OpenSSH\;C:\Program Files\nodejs\;C:\Program Files\Git\cmd;C:\Program Files\MySQL\MySQL Utilities 1.6\;C:\Program Files\apache-maven-3.6.1\bin;C:\Program Files\apache-maven-3.6.1\bin;C:\WINDOWS\System32;
USERNAME=ERiC
OS=Windows_NT
PROCESSOR_IDENTIFIER=Intel64 Family 6 Model 78 Stepping 3, GenuineIntel



---------------  S Y S T E M  ---------------

OS: Windows 10.0 , 64 bit Build 17134 (10.0.17134.706)

CPU:total 4 (initial active 4) (2 cores per cpu, 2 threads per core) family 6 model 78 stepping 3, cmov, cx8, fxsr, mmx, sse, sse2, sse3, ssse3, sse4.1, sse4.2, popcnt, avx, avx2, aes, clmul, erms, 3dnowpref, lzcnt, ht, tsc, tscinvbit, bmi1, bmi2, adx

Memory: 4k page, physical 8226208k(3151612k free), swap 11484580k(4690004k free)

vm_info: Java HotSpot(TM) 64-Bit Server VM (25.161-b12) for windows-amd64 JRE (1.8.0_161-b12), built on Dec 19 2017 17:52:25 by "java_re" with MS VC++ 10.0 (VS2010)

time: Fri May 03 22:22:08 2019
elapsed time: 5 seconds (0d 0h 0m 5s)

